c:\users\agesyne3\desktop\git repos for university hw\hw\hwstore\hw_4\hw_4.3\hwtemple\hwtemple\x64\debug\hwtemple.pch
c:\users\agesyne3\desktop\git repos for university hw\hw\hwstore\hw_4\hw_4.3\hwtemple\hwtemple\x64\debug\vc141.pdb
c:\users\agesyne3\desktop\git repos for university hw\hw\hwstore\hw_4\hw_4.3\hwtemple\hwtemple\x64\debug\vc141.idb
c:\users\agesyne3\desktop\git repos for university hw\hw\hwstore\hw_4\hw_4.3\hwtemple\hwtemple\x64\debug\pch.obj
c:\users\agesyne3\desktop\git repos for university hw\hw\hwstore\hw_4\hw_4.3\hwtemple\hwtemple\x64\debug\savetofile.obj
c:\users\agesyne3\desktop\git repos for university hw\hw\hwstore\hw_4\hw_4.3\hwtemple\hwtemple\x64\debug\readfile.obj
c:\users\agesyne3\desktop\git repos for university hw\hw\hwstore\hw_4\hw_4.3\hwtemple\hwtemple\x64\debug\main.obj
c:\users\agesyne3\desktop\git repos for university hw\hw\hwstore\hw_4\hw_4.3\hwtemple\hwtemple\x64\debug\initialization.obj
c:\users\agesyne3\desktop\git repos for university hw\hw\hwstore\hw_4\hw_4.3\hwtemple\hwtemple\x64\debug\datastructures.obj
c:\users\agesyne3\desktop\git repos for university hw\hw\hwstore\hw_4\hw_4.3\hwtemple\hwtemple\x64\debug\check.obj
c:\users\agesyne3\desktop\git repos for university hw\hw\hwstore\hw_4\hw_4.3\hwtemple\hwtemple\x64\debug\algorithms.obj
c:\users\agesyne3\desktop\git repos for university hw\hw\hwstore\hw_4\hw_4.3\hwtemple\x64\debug\hwtemple.ilk
c:\users\agesyne3\desktop\git repos for university hw\hw\hwstore\hw_4\hw_4.3\hwtemple\x64\debug\hwtemple.exe
c:\users\agesyne3\desktop\git repos for university hw\hw\hwstore\hw_4\hw_4.3\hwtemple\x64\debug\hwtemple.pdb
c:\users\agesyne3\desktop\git repos for university hw\hw\hwstore\hw_4\hw_4.3\hwtemple\hwtemple\x64\debug\hwtemple.tlog\cl.command.1.tlog
c:\users\agesyne3\desktop\git repos for university hw\hw\hwstore\hw_4\hw_4.3\hwtemple\hwtemple\x64\debug\hwtemple.tlog\cl.read.1.tlog
c:\users\agesyne3\desktop\git repos for university hw\hw\hwstore\hw_4\hw_4.3\hwtemple\hwtemple\x64\debug\hwtemple.tlog\cl.write.1.tlog
c:\users\agesyne3\desktop\git repos for university hw\hw\hwstore\hw_4\hw_4.3\hwtemple\hwtemple\x64\debug\hwtemple.tlog\link.command.1.tlog
c:\users\agesyne3\desktop\git repos for university hw\hw\hwstore\hw_4\hw_4.3\hwtemple\hwtemple\x64\debug\hwtemple.tlog\link.read.1.tlog
c:\users\agesyne3\desktop\git repos for university hw\hw\hwstore\hw_4\hw_4.3\hwtemple\hwtemple\x64\debug\hwtemple.tlog\link.write.1.tlog
