  algorithms.cpp
  check.cpp
c:\users\agesyne3\desktop\git repos for university hw\hw\hwtemple\hwtemple\check.cpp(10): error C3861: srand: идентификатор не найден
c:\users\agesyne3\desktop\git repos for university hw\hw\hwtemple\hwtemple\check.cpp(16): error C3861: exit: идентификатор не найден
c:\users\agesyne3\desktop\git repos for university hw\hw\hwtemple\hwtemple\check.cpp(23): error C2065: FILE: необъявленный идентификатор
c:\users\agesyne3\desktop\git repos for university hw\hw\hwtemple\hwtemple\check.cpp(23): error C2065: inputDataFile: необъявленный идентификатор
c:\users\agesyne3\desktop\git repos for university hw\hw\hwtemple\hwtemple\check.cpp(23): error C3861: fopen: идентификатор не найден
c:\users\agesyne3\desktop\git repos for university hw\hw\hwtemple\hwtemple\check.cpp(24): error C2065: inputDataFile: необъявленный идентификатор
c:\users\agesyne3\desktop\git repos for university hw\hw\hwtemple\hwtemple\check.cpp(26): error C3861: printf: идентификатор не найден
c:\users\agesyne3\desktop\git repos for university hw\hw\hwtemple\hwtemple\check.cpp(27): error C3861: exit: идентификатор не найден
c:\users\agesyne3\desktop\git repos for university hw\hw\hwtemple\hwtemple\check.cpp(33): error C2065: inputDataFile: необъявленный идентификатор
c:\users\agesyne3\desktop\git repos for university hw\hw\hwtemple\hwtemple\check.cpp(33): error C3861: feof: идентификатор не найден
c:\users\agesyne3\desktop\git repos for university hw\hw\hwtemple\hwtemple\check.cpp(36): error C2065: inputDataFile: необъявленный идентификатор
c:\users\agesyne3\desktop\git repos for university hw\hw\hwtemple\hwtemple\check.cpp(36): error C3861: fscanf: идентификатор не найден
c:\users\agesyne3\desktop\git repos for university hw\hw\hwtemple\hwtemple\check.cpp(50): error C2065: inputDataFile: необъявленный идентификатор
c:\users\agesyne3\desktop\git repos for university hw\hw\hwtemple\hwtemple\check.cpp(50): error C3861: fclose: идентификатор не найден
  initialization.cpp
c:\users\agesyne3\desktop\git repos for university hw\hw\hwtemple\hwtemple\initialization.cpp(7): error C3861: printf: идентификатор не найден
c:\users\agesyne3\desktop\git repos for university hw\hw\hwtemple\hwtemple\initialization.cpp(8): error C3861: scanf: идентификатор не найден
  main.cpp
